#
# There is insufficient memory for the Java Runtime Environment to continue.
# Native memory allocation (mmap) failed to map 132120576 bytes for G1 virtual space
# Possible reasons:
#   The system is out of physical RAM or swap space
#   The process is running with CompressedOops enabled, and the Java Heap may be blocking the growth of the native heap
# Possible solutions:
#   Reduce memory load on the system
#   Increase physical memory or swap space
#   Check if swap backing store is full
#   Decrease Java heap size (-Xmx/-Xms)
#   Decrease number of Java threads
#   Decrease Java thread stack sizes (-Xss)
#   Set larger code cache with -XX:ReservedCodeCacheSize=
#   JVM is running with Unscaled Compressed Oops mode in which the Java heap is
#     placed in the first 4GB address space. The Java Heap base address is the
#     maximum limit for the native heap growth. Please use -XX:HeapBaseMinAddress
#     to set the Java Heap base and to place the Java Heap above 4GB virtual address.
# This output file may be truncated or incomplete.
#
#  Out of Memory Error (os_windows.cpp:3548), pid=12580, tid=1588
#
# JRE version:  (17.0.10+11) (build )
# Java VM: Java HotSpot(TM) 64-Bit Server VM (17.0.10+11-LTS-240, mixed mode, sharing, tiered, compressed oops, compressed class ptrs, g1 gc, windows-amd64)
# No core dump will be written. Minidumps are not enabled by default on client versions of Windows
#

---------------  S U M M A R Y ------------

Command Line: -Dfile.encoding=UTF-8 -Dstdout.encoding=UTF-8 -Dstderr.encoding=UTF-8 --module-path=D:\Downloads\mysql-connector-j-8.3.0\mysql-connector-j-8.3.0.jar;D:\Downloads\jcommon-1.0.23.jar;D:\Downloads\jfreechart-1.0.19.jar -XX:+ShowCodeDetailsInExceptionMessages application.Main

Host: Intel(R) Core(TM) i3-10110U CPU @ 2.10GHz, 4 cores, 7G,  Windows 11 , 64 bit Build 22621 (10.0.22621.2506)
Time: Sun May  5 13:35:23 2024 Maroc (heure d64 bit Build 22621 (10.0.22621.2506) elapsed time: 0.038501 seconds (0d 0h 0m 0s)

---------------  T H R E A D  ---------------

Current thread (0x000001f0e781a430):  JavaThread "Unknown thread" [_thread_in_vm, id=1588, stack(0x0000005ab3800000,0x0000005ab3900000)]

Stack: [0x0000005ab3800000,0x0000005ab3900000]
Native frames: (J=compiled Java code, j=interpreted, Vv=VM code, C=native code)
V  [jvm.dll+0x677a5a]
V  [jvm.dll+0x7d8b2d]
V  [jvm.dll+0x7da48e]
V  [jvm.dll+0x7daaf3]
V  [jvm.dll+0x2455ff]
V  [jvm.dll+0x6749b9]
V  [jvm.dll+0x669382]
V  [jvm.dll+0x302e96]
V  [jvm.dll+0x30a416]
V  [jvm.dll+0x359cbe]
V  [jvm.dll+0x359eef]
V  [jvm.dll+0x2d9e88]
V  [jvm.dll+0x2dadf4]
V  [jvm.dll+0x7aa551]
V  [jvm.dll+0x367911]
V  [jvm.dll+0x789639]
V  [jvm.dll+0x3eb30f]
V  [jvm.dll+0x3ecd91]
C  [jli.dll+0x5297]
C  [ucrtbase.dll+0x29363]
C  [KERNEL32.DLL+0x1257d]
C  [ntdll.dll+0x5aa58]


---------------  P R O C E S S  ---------------

Threads class SMR info:
_java_thread_list=0x00007ffaeeb56a18, length=0, elements={
}

Java Threads: ( => current thread )

Other Threads:
  0x000001f0e7873db0 GCTaskThread "GC Thread#0" [stack: 0x0000005ab3900000,0x0000005ab3a00000] [id=22464]
  0x000001f0e7884fb0 ConcurrentGCThread "G1 Main Marker" [stack: 0x0000005ab3a00000,0x0000005ab3b00000] [id=17016]
  0x000001f0e78859c0 ConcurrentGCThread "G1 Conc#0" [stack: 0x0000005ab3b00000,0x0000005ab3c00000] [id=2496]

[error occurred during error reporting (printing all threads), id 0xc0000005, EXCEPTION_ACCESS_VIOLATION (0xc0000005) at pc=0x00007ffaee38aae7]

VM state: not at safepoint (not fully initialized)

VM Mutex/Monitor currently owned by a thread:  ([mutex/lock_event])
[0x000001f0e7816040] Heap_lock - owner thread: 0x000001f0e781a430

Heap address: 0x0000000082800000, size: 2008 MB, Compressed Oops mode: 32-bit

CDS archive(s) mapped at: [0x0000000000000000-0x0000000000000000-0x0000000000000000), size 0, SharedBaseAddress: 0x0000000800000000, ArchiveRelocationMode: 1.
Narrow klass base: 0x0000000000000000, Narrow klass shift: 0, Narrow klass range: 0x0

GC Precious Log:
<Empty>

Heap:
 garbage-first heap   total 0K, used 0K [0x0000000082800000, 0x0000000100000000)
  region size 1024K, 0 young (0K), 0 survivors (0K)

[error occurred during error reporting (printing heap information), id 0xc0000005, EXCEPTION_ACCESS_VIOLATION (0xc0000005) at pc=0x00007ffaee771249]

GC Heap History (0 events):
No events

Deoptimization events (0 events):
No events

Classes unloaded (0 events):
No events

Classes redefined (0 events):
No events

Internal exceptions (0 events):
No events

VM Operations (0 events):
No events

Events (1 events):
Event: 0.027 Loaded shared library C:\Program Files\JAVA\jdk17\bin\java.dll


Dynamic libraries:
0x00007ff76a0e0000 - 0x00007ff76a0f0000 	C:\Program Files\JAVA\jdk17\bin\javaw.exe
0x00007ffb79c50000 - 0x00007ffb79e67000 	C:\WINDOWS\SYSTEM32\ntdll.dll
0x00007ffb792e0000 - 0x00007ffb793a4000 	C:\WINDOWS\System32\KERNEL32.DLL
0x00007ffb771a0000 - 0x00007ffb77545000 	C:\WINDOWS\System32\KERNELBASE.dll
0x00007ffb77550000 - 0x00007ffb77661000 	C:\WINDOWS\System32\ucrtbase.dll
0x00007ffb725f0000 - 0x00007ffb7260b000 	C:\Program Files\JAVA\jdk17\bin\VCRUNTIME140.dll
0x00007ffb71440000 - 0x00007ffb71459000 	C:\Program Files\JAVA\jdk17\bin\jli.dll
0x00007ffb791c0000 - 0x00007ffb79271000 	C:\WINDOWS\System32\ADVAPI32.dll
0x00007ffb789c0000 - 0x00007ffb78a67000 	C:\WINDOWS\System32\msvcrt.dll
0x00007ffb78b80000 - 0x00007ffb78c26000 	C:\WINDOWS\System32\sechost.dll
0x00007ffb796c0000 - 0x00007ffb797d7000 	C:\WINDOWS\System32\RPCRT4.dll
0x00007ffb79a60000 - 0x00007ffb79c0e000 	C:\WINDOWS\System32\USER32.dll
0x00007ffb77730000 - 0x00007ffb77756000 	C:\WINDOWS\System32\win32u.dll
0x00007ffb78980000 - 0x00007ffb789a9000 	C:\WINDOWS\System32\GDI32.dll
0x00007ffb77880000 - 0x00007ffb77999000 	C:\WINDOWS\System32\gdi32full.dll
0x00007ffb60090000 - 0x00007ffb60323000 	C:\WINDOWS\WinSxS\amd64_microsoft.windows.common-controls_6595b64144ccf1df_6.0.22621.2506_none_270c5ae97388e100\COMCTL32.dll
0x00007ffb777e0000 - 0x00007ffb7787a000 	C:\WINDOWS\System32\msvcp_win.dll
0x00007ffb6b9b0000 - 0x00007ffb6b9ba000 	C:\WINDOWS\SYSTEM32\VERSION.dll
0x00007ffb787b0000 - 0x00007ffb787e1000 	C:\WINDOWS\System32\IMM32.DLL
0x00007ffb72620000 - 0x00007ffb7262c000 	C:\Program Files\JAVA\jdk17\bin\vcruntime140_1.dll
0x00007ffb6a9b0000 - 0x00007ffb6aa3e000 	C:\Program Files\JAVA\jdk17\bin\msvcp140.dll
0x00007ffaee0a0000 - 0x00007ffaeec7f000 	C:\Program Files\JAVA\jdk17\bin\server\jvm.dll
0x00007ffb78780000 - 0x00007ffb78788000 	C:\WINDOWS\System32\PSAPI.DLL
0x00007ffb4e070000 - 0x00007ffb4e079000 	C:\WINDOWS\SYSTEM32\WSOCK32.dll
0x00007ffb70050000 - 0x00007ffb70084000 	C:\WINDOWS\SYSTEM32\WINMM.dll
0x00007ffb787f0000 - 0x00007ffb78861000 	C:\WINDOWS\System32\WS2_32.dll
0x00007ffb75fc0000 - 0x00007ffb75fd8000 	C:\WINDOWS\SYSTEM32\kernel.appcore.dll
0x00007ffb725d0000 - 0x00007ffb725da000 	C:\Program Files\JAVA\jdk17\bin\jimage.dll
0x00007ffb6c160000 - 0x00007ffb6c393000 	C:\WINDOWS\SYSTEM32\DBGHELP.DLL
0x00007ffb77b90000 - 0x00007ffb77f19000 	C:\WINDOWS\System32\combase.dll
0x00007ffb79930000 - 0x00007ffb79a07000 	C:\WINDOWS\System32\OLEAUT32.dll
0x00007ffb55290000 - 0x00007ffb552c2000 	C:\WINDOWS\SYSTEM32\dbgcore.DLL
0x00007ffb77760000 - 0x00007ffb777da000 	C:\WINDOWS\System32\bcryptPrimitives.dll
0x00007ffb6a6c0000 - 0x00007ffb6a6e5000 	C:\Program Files\JAVA\jdk17\bin\java.dll

dbghelp: loaded successfully - version: 4.0.5 - missing functions: none
symbol engine: initialized successfully - sym options: 0x614 - pdb path: .;C:\Program Files\JAVA\jdk17\bin;C:\WINDOWS\SYSTEM32;C:\WINDOWS\WinSxS\amd64_microsoft.windows.common-controls_6595b64144ccf1df_6.0.22621.2506_none_270c5ae97388e100;C:\Program Files\JAVA\jdk17\bin\server

VM Arguments:
jvm_args: -Dfile.encoding=UTF-8 -Dstdout.encoding=UTF-8 -Dstderr.encoding=UTF-8 --module-path=D:\Downloads\mysql-connector-j-8.3.0\mysql-connector-j-8.3.0.jar;D:\Downloads\jcommon-1.0.23.jar;D:\Downloads\jfreechart-1.0.19.jar -XX:+ShowCodeDetailsInExceptionMessages 
java_command: application.Main
java_class_path (initial): C:\Users\USER\git\Blood_Donation_System\bin
Launcher Type: SUN_STANDARD

[Global flags]
     intx CICompilerCount                          = 3                                         {product} {ergonomic}
     uint ConcGCThreads                            = 1                                         {product} {ergonomic}
     uint G1ConcRefinementThreads                  = 4                                         {product} {ergonomic}
   size_t G1HeapRegionSize                         = 1048576                                   {product} {ergonomic}
    uintx GCDrainStackTargetSize                   = 64                                        {product} {ergonomic}
   size_t InitialHeapSize                          = 132120576                                 {product} {ergonomic}
   size_t MarkStackSize                            = 4194304                                   {product} {ergonomic}
   size_t MaxHeapSize                              = 2105540608                                {product} {ergonomic}
   size_t MinHeapDeltaBytes                        = 1048576                                   {product} {ergonomic}
   size_t MinHeapSize                              = 8388608                                   {product} {ergonomic}
    uintx NonNMethodCodeHeapSize                   = 5832780                                {pd product} {ergonomic}
    uintx NonProfiledCodeHeapSize                  = 122912730                              {pd product} {ergonomic}
    uintx ProfiledCodeHeapSize                     = 122912730                              {pd product} {ergonomic}
    uintx ReservedCodeCacheSize                    = 251658240                              {pd product} {ergonomic}
     bool SegmentedCodeCache                       = true                                      {product} {ergonomic}
     bool ShowCodeDetailsInExceptionMessages       = true                                   {manageable} {command line}
   size_t SoftMaxHeapSize                          = 2105540608                             {manageable} {ergonomic}
     bool UseCompressedClassPointers               = true                           {product lp64_product} {ergonomic}
     bool UseCompressedOops                        = true                           {product lp64_product} {ergonomic}
     bool UseG1GC                                  = true                                      {product} {ergonomic}
     bool UseLargePagesIndividualAllocation        = false                                  {pd product} {ergonomic}

Logging:
Log output configuration:
 #0: stdout all=warning uptime,level,tags
 #1: stderr all=off uptime,level,tags

Environment Variables:
PATH=C:/Users/USER/.p2/pool/plugins/org.eclipse.justj.openjdk.hotspot.jre.full.win32.x86_64_22.0.1.v20240426-1149/jre/bin/server;C:/Users/USER/.p2/pool/plugins/org.eclipse.justj.openjdk.hotspot.jre.full.win32.x86_64_22.0.1.v20240426-1149/jre/bin;D:\oraclee\oracle\bin;C:\Program Files\Common Files\Oracle\Java\javapath;"C:\php 8;C:\Windows\System32\HWAudioDriverLibs";C:\Windows\system32;C:\Windows;C:\Windows\System32\Wbem;C:\Windows\System32\WindowsPowerShell\v1.0\;C:\Windows\System32\OpenSSH\;C:\Windows\system32\config\systemprofile\AppData\Local\Microsoft\WindowsApps;C:\Program Files\Microsoft SQL Server\Client SDK\ODBC\170\Tools\Binn\;C:\Program Files (x86)\Microsoft SQL Server\150\Tools\Binn\;C:\Program Files\Microsoft SQL Server\150\Tools\Binn\;C:\Program Files\Microsoft SQL Server\150\DTS\Binn\;C:\WINDOWS\system32;C:\WINDOWS;C:\WINDOWS\System32\Wbem;C:\WINDOWS\System32\WindowsPowerShell\v1.0\;C:\WINDOWS\System32\OpenSSH\;C:\Program Files\MySQL\MySQL Server 8.0\bin;C:\nodejs\;C:\xampp\php;C:\ProgramData\ComposerSetup\bin;C:\Program Files\JAVA\jdk17;C:\Program Files\Git\cmd;C:\Program Files\Git;C:\Users\USER\AppData\Local\Microsoft\WindowsApps;C:\Users\USER\AppData\Local\Programs\Microsoft VS Code\bin;C:\Program Files\Azure Data Studio\bin;C:\MinGW\bin;C:\src\flutter\bin;C:\Users\USER\AppData\Roaming\npm;C:\Users\USER\AppData\Roaming\Composer\vendor\bin;C:\Users\USER\OneDrive - edu.uiz.ac.ma\Bureau;
USERNAME=USER
OS=Windows_NT
PROCESSOR_IDENTIFIER=Intel64 Family 6 Model 142 Stepping 12, GenuineIntel



---------------  S Y S T E M  ---------------

OS:
 Windows 11 , 64 bit Build 22621 (10.0.22621.2506)
OS uptime: 7 days 19:34 hours

CPU: total 4 (initial active 4) (2 cores per cpu, 2 threads per core) family 6 model 142 stepping 12 microcode 0xde, cx8, cmov, fxsr, ht, mmx, 3dnowpref, sse, sse2, sse3, ssse3, sse4.1, sse4.2, popcnt, lzcnt, tsc, tscinvbit, avx, avx2, aes, erms, clmul, bmi1, bmi2, adx, fma, vzeroupper, clflush, clflushopt

Memory: 4k page, system-wide physical 8025M (526M free)
TotalPageFile size 23336M (AvailPageFile size 91M)
current process WorkingSet (physical memory assigned to process): 11M, peak: 11M
current process commit charge ("private bytes"): 51M, peak: 177M

vm_info: Java HotSpot(TM) 64-Bit Server VM (17.0.10+11-LTS-240) for windows-amd64 JRE (17.0.10+11-LTS-240), built on Dec 19 2023 21:47:25 by "mach5one" with MS VC++ 17.1 (VS2022)

END.
